<?xml version="1.0" encoding="UTF-8"?>
<testsuite xmlns:xsi="http://www.w3.org/2001/XMLSchema-instance" xsi:noNamespaceSchemaLocation="https://maven.apache.org/surefire/maven-surefire-plugin/xsd/surefire-test-report.xsd" name="com.partnerCN.test.UserTest" time="2.063" tests="1" errors="0" skipped="0" failures="0">
  <properties>
    <property name="sun.desktop" value="windows"/>
    <property name="awt.toolkit" value="sun.awt.windows.WToolkit"/>
    <property name="file.encoding.pkg" value="sun.io"/>
    <property name="java.specification.version" value="1.8"/>
    <property name="sun.cpu.isalist" value="amd64"/>
    <property name="sun.jnu.encoding" value="GBK"/>
    <property name="java.class.path" value="F:\My Project\MavenPreject\MyStudy\target\test-classes;F:\My Project\MavenPreject\MyStudy\target\classes;E:\MyRepository\junit\junit\4.12\junit-4.12.jar;E:\MyRepository\org\hamcrest\hamcrest-core\1.3\hamcrest-core-1.3.jar;E:\MyRepository\com\fasterxml\jackson\core\jackson-databind\2.9.6\jackson-databind-2.9.6.jar;E:\MyRepository\com\fasterxml\jackson\core\jackson-annotations\2.9.0\jackson-annotations-2.9.0.jar;E:\MyRepository\com\fasterxml\jackson\core\jackson-core\2.9.6\jackson-core-2.9.6.jar;E:\MyRepository\mysql\mysql-connector-java\8.0.12\mysql-connector-java-8.0.12.jar;E:\MyRepository\com\google\protobuf\protobuf-java\2.6.0\protobuf-java-2.6.0.jar;E:\MyRepository\org\mybatis\mybatis\3.4.6\mybatis-3.4.6.jar;E:\MyRepository\log4j\log4j\1.2.17\log4j-1.2.17.jar;E:\MyRepository\javax\servlet\javax.servlet-api\4.0.1\javax.servlet-api-4.0.1.jar;"/>
    <property name="java.vm.vendor" value="Oracle Corporation"/>
    <property name="sun.arch.data.model" value="64"/>
    <property name="user.variant" value=""/>
    <property name="java.vendor.url" value="http://java.oracle.com/"/>
    <property name="user.timezone" value="Asia/Shanghai"/>
    <property name="java.vm.specification.version" value="1.8"/>
    <property name="os.name" value="Windows 8.1"/>
    <property name="user.country" value="CN"/>
    <property name="sun.java.launcher" value="SUN_STANDARD"/>
    <property name="sun.boot.library.path" value="E:\java\jdk1.8.0_40\jre\bin"/>
    <property name="sun.java.command" value="C:\Users\ADC\AppData\Local\Temp\surefire4233804747680157917\surefirebooter4745629991646588486.jar C:\Users\ADC\AppData\Local\Temp\surefire4233804747680157917 2018-08-31T14-29-05_833-jvmRun1 surefire7096433490901010660tmp surefire_06375729236598057347tmp"/>
    <property name="surefire.test.class.path" value="F:\My Project\MavenPreject\MyStudy\target\test-classes;F:\My Project\MavenPreject\MyStudy\target\classes;E:\MyRepository\junit\junit\4.12\junit-4.12.jar;E:\MyRepository\org\hamcrest\hamcrest-core\1.3\hamcrest-core-1.3.jar;E:\MyRepository\com\fasterxml\jackson\core\jackson-databind\2.9.6\jackson-databind-2.9.6.jar;E:\MyRepository\com\fasterxml\jackson\core\jackson-annotations\2.9.0\jackson-annotations-2.9.0.jar;E:\MyRepository\com\fasterxml\jackson\core\jackson-core\2.9.6\jackson-core-2.9.6.jar;E:\MyRepository\mysql\mysql-connector-java\8.0.12\mysql-connector-java-8.0.12.jar;E:\MyRepository\com\google\protobuf\protobuf-java\2.6.0\protobuf-java-2.6.0.jar;E:\MyRepository\org\mybatis\mybatis\3.4.6\mybatis-3.4.6.jar;E:\MyRepository\log4j\log4j\1.2.17\log4j-1.2.17.jar;E:\MyRepository\javax\servlet\javax.servlet-api\4.0.1\javax.servlet-api-4.0.1.jar;"/>
    <property name="sun.cpu.endian" value="little"/>
    <property name="user.home" value="C:\Users\ADC"/>
    <property name="user.language" value="zh"/>
    <property name="java.specification.vendor" value="Oracle Corporation"/>
    <property name="java.home" value="E:\java\jdk1.8.0_40\jre"/>
    <property name="basedir" value="F:\My Project\MavenPreject\MyStudy"/>
    <property name="file.separator" value="\"/>
    <property name="line.separator" value="&#10;"/>
    <property name="java.vm.specification.vendor" value="Oracle Corporation"/>
    <property name="java.specification.name" value="Java Platform API Specification"/>
    <property name="java.awt.graphicsenv" value="sun.awt.Win32GraphicsEnvironment"/>
    <property name="surefire.real.class.path" value="C:\Users\ADC\AppData\Local\Temp\surefire4233804747680157917\surefirebooter4745629991646588486.jar"/>
    <property name="sun.boot.class.path" value="E:\java\jdk1.8.0_40\jre\lib\resources.jar;E:\java\jdk1.8.0_40\jre\lib\rt.jar;E:\java\jdk1.8.0_40\jre\lib\sunrsasign.jar;E:\java\jdk1.8.0_40\jre\lib\jsse.jar;E:\java\jdk1.8.0_40\jre\lib\jce.jar;E:\java\jdk1.8.0_40\jre\lib\charsets.jar;E:\java\jdk1.8.0_40\jre\lib\jfr.jar;E:\java\jdk1.8.0_40\jre\classes"/>
    <property name="user.script" value=""/>
    <property name="sun.management.compiler" value="HotSpot 64-Bit Tiered Compilers"/>
    <property name="java.runtime.version" value="1.8.0_40-b26"/>
    <property name="user.name" value="ADC"/>
    <property name="path.separator" value=";"/>
    <property name="os.version" value="6.3"/>
    <property name="java.endorsed.dirs" value="E:\java\jdk1.8.0_40\jre\lib\endorsed"/>
    <property name="java.runtime.name" value="Java(TM) SE Runtime Environment"/>
    <property name="file.encoding" value="GBK"/>
    <property name="java.vm.name" value="Java HotSpot(TM) 64-Bit Server VM"/>
    <property name="localRepository" value="E:\MyRepository"/>
    <property name="java.vendor.url.bug" value="http://bugreport.sun.com/bugreport/"/>
    <property name="java.io.tmpdir" value="C:\Users\ADC\AppData\Local\Temp\"/>
    <property name="idea.version" value="2018.2.2"/>
    <property name="java.version" value="1.8.0_40"/>
    <property name="user.dir" value="F:\My Project\MavenPreject\MyStudy"/>
    <property name="os.arch" value="amd64"/>
    <property name="java.vm.specification.name" value="Java Virtual Machine Specification"/>
    <property name="java.awt.printerjob" value="sun.awt.windows.WPrinterJob"/>
    <property name="sun.os.patch.level" value=""/>
    <property name="java.library.path" value="E:\java\jdk1.8.0_40\jre\bin;C:\Windows\Sun\Java\bin;C:\Windows\system32;C:\Windows;C:\WINDOWS\system32;C:\WINDOWS;C:\WINDOWS\System32\Wbem;C:\WINDOWS\System32\WindowsPowerShell\v1.0\;E:\Bluetooth Software\;E:\Bluetooth Software\syswow64;C:\Program Files (x86)\Microsoft SQL Server\100\Tools\Binn\;C:\Program Files\Microsoft SQL Server\100\Tools\Binn\;C:\Program Files\Microsoft SQL Server\100\DTS\Binn\;C:\Program Files (x86)\Microsoft SQL Server\100\Tools\Binn\VSShell\Common7\IDE\;C:\Program Files (x86)\Microsoft Visual Studio 9.0\Common7\IDE\PrivateAssemblies\;C:\Program Files (x86)\Microsoft SQL Server\100\DTS\Binn\;C:\Program Files (x86)\NVIDIA Corporation\PhysX\Common;E:\Apache Tomcat\Tomcat 9.0\bin;C:\Program Files (x86)\Windows Kits\8.1\Windows Performance Toolkit\;C:\Program Files\Microsoft SQL Server\110\Tools\Binn\;C:\Windows\system32;C:\Windows;C:\Windows\System32\Wbem;C:\Windows\System32\WindowsPowerShell\v1.0\;E:\Apache\apache-maven-3.5.4\bin;E:\redis\redis-2.4.5\64bit;E:\PHP;C:\Users\ADC\AppData\Roaming\Composer\vendor\bin;E:\nodejs\;E:\Apache Tomcat\Apache24\Apache24\bin;E:\nginx-1.15.0;E:\mysql-8.0.12\bin;E:\TortoiseSVN\bin;E:\hadoop\bin;E:\Brackets\command;E:\java\jdk1.8.0_40\bin;C:\Users\ADC\AppData\Local\Microsoft\WindowsApps;C:\Users\ADC\AppData\Local\Programs\Python\Python36-32;G:\mysql\bin;C:\Users\ADC\AppData\Roaming\npm;."/>
    <property name="java.vm.info" value="mixed mode"/>
    <property name="java.vendor" value="Oracle Corporation"/>
    <property name="java.vm.version" value="25.40-b25"/>
    <property name="java.ext.dirs" value="E:\java\jdk1.8.0_40\jre\lib\ext;C:\Windows\Sun\Java\lib\ext"/>
    <property name="sun.io.unicode.encoding" value="UnicodeLittle"/>
    <property name="java.class.version" value="52.0"/>
  </properties>
  <testcase name="testAdd" classname="com.partnerCN.test.UserTest" time="1.953"/>
</testsuite>